2026-02-05 23:23:33,886 | INFO | ===== STAGE 1 START (Facilities > Electricity) =====
2026-02-05 23:23:33,886 | INFO | [STAGE 1] [LEVEL 1] https://apps.cer-rec.gc.ca/REGDOCS/Item/View/90548
2026-02-05 23:23:33,961 | INFO | OPEN → https://apps.cer-rec.gc.ca/REGDOCS/Item/View/90548
2026-02-05 23:23:42,691 | INFO | Links found: 44
2026-02-05 23:23:42,741 | INFO | SKIP (visited): https://apps.cer-rec.gc.ca/REGDOCS/Item/View/90548
2026-02-05 23:23:42,760 | INFO | [STAGE 1] [LEVEL 2] https://apps.cer-rec.gc.ca/REGDOCS/Item/View/90464
2026-02-05 23:23:42,814 | INFO | OPEN → https://apps.cer-rec.gc.ca/REGDOCS/Item/View/90464
2026-02-05 23:23:46,032 | INFO | Links found: 1
2026-02-05 23:23:46,083 | INFO | SKIP (visited): https://apps.cer-rec.gc.ca/REGDOCS/Item/View/90464
2026-02-05 23:23:46,133 | INFO | [STAGE 1] [LEVEL 2] https://apps.cer-rec.gc.ca/REGDOCS/Item/View/893488
2026-02-05 23:23:46,189 | INFO | OPEN → https://apps.cer-rec.gc.ca/REGDOCS/Item/View/893488
2026-02-05 23:23:49,367 | INFO | Links found: 16
2026-02-05 23:23:49,409 | INFO | SKIP (visited): https://apps.cer-rec.gc.ca/REGDOCS/Item/View/893488
2026-02-05 23:23:49,423 | INFO | SKIP (visited): https://apps.cer-rec.gc.ca/REGDOCS/Item/View/90464
2026-02-05 23:23:49,442 | INFO | SKIP (visited): https://apps.cer-rec.gc.ca/REGDOCS/Item/View/90548
2026-02-05 23:23:49,465 | INFO | [STAGE 1] [LEVEL 3] https://apps.cer-rec.gc.ca/REGDOCS/Item/View/948512
2026-02-05 23:23:49,517 | INFO | OPEN → https://apps.cer-rec.gc.ca/REGDOCS/Item/View/948512
2026-02-05 23:23:52,789 | INFO | Links found: 37
2026-02-05 23:23:52,833 | INFO | SKIP (visited): https://apps.cer-rec.gc.ca/REGDOCS/Item/View/948512
2026-02-05 23:23:52,850 | INFO | SKIP (visited): https://apps.cer-rec.gc.ca/REGDOCS/Item/View/90464
2026-02-05 23:23:52,873 | INFO | SKIP (visited): https://apps.cer-rec.gc.ca/REGDOCS/Item/View/90548
2026-02-05 23:23:52,895 | INFO | [STAGE 1] [LEVEL 4] https://apps.cer-rec.gc.ca/REGDOCS/Item/View/601521
2026-02-05 23:23:52,950 | INFO | OPEN → https://apps.cer-rec.gc.ca/REGDOCS/Item/View/601521
2026-02-05 23:23:56,090 | INFO | Links found: 9
2026-02-05 23:23:56,132 | INFO | SKIP (visited): https://apps.cer-rec.gc.ca/REGDOCS/Item/View/601521
2026-02-05 23:23:56,143 | INFO | SKIP (visited): https://apps.cer-rec.gc.ca/REGDOCS/Item/View/90464
2026-02-05 23:23:56,162 | INFO | SKIP (visited): https://apps.cer-rec.gc.ca/REGDOCS/Item/View/90548
2026-02-05 23:23:56,187 | INFO | SKIP (visited): https://apps.cer-rec.gc.ca/REGDOCS/Item/View/948512
2026-02-05 23:23:56,213 | INFO | [STAGE 1] [LEVEL 5] https://apps.cer-rec.gc.ca/REGDOCS/Item/View/3816059
2026-02-05 23:23:56,276 | INFO | OPEN → https://apps.cer-rec.gc.ca/REGDOCS/Item/View/3816059
2026-02-05 23:23:59,469 | INFO | Links found: 4
2026-02-05 23:23:59,524 | INFO | SKIP (visited): https://apps.cer-rec.gc.ca/REGDOCS/Item/View/90464
2026-02-05 23:23:59,541 | INFO | SKIP (visited): https://apps.cer-rec.gc.ca/REGDOCS/Item/View/90548
2026-02-05 23:23:59,565 | INFO | [STAGE 1] [LEVEL 6] https://apps.cer-rec.gc.ca/REGDOCS/Item/View/3901096
2026-02-05 23:23:59,629 | INFO | OPEN → https://apps.cer-rec.gc.ca/REGDOCS/Item/View/3901096
2026-02-05 23:24:03,367 | INFO | Links found: 18
2026-02-05 23:24:03,655 | INFO | SKIP (visited): https://apps.cer-rec.gc.ca/REGDOCS/Item/View/601521
2026-02-05 23:24:03,689 | INFO | [STAGE 1] [LEVEL 5] https://apps.cer-rec.gc.ca/REGDOCS/Item/View/2956008
2026-02-05 23:24:03,750 | INFO | OPEN → https://apps.cer-rec.gc.ca/REGDOCS/Item/View/2956008
2026-02-05 23:24:07,253 | INFO | Links found: 37
2026-02-05 23:24:07,295 | INFO | SKIP (visited): https://apps.cer-rec.gc.ca/REGDOCS/Item/View/2956008
2026-02-05 23:24:07,311 | INFO | SKIP (visited): https://apps.cer-rec.gc.ca/REGDOCS/Item/View/90464
2026-02-05 23:24:07,331 | INFO | SKIP (visited): https://apps.cer-rec.gc.ca/REGDOCS/Item/View/90548
2026-02-05 23:24:07,354 | INFO | SKIP (visited): https://apps.cer-rec.gc.ca/REGDOCS/Item/View/601521
2026-02-05 23:24:07,372 | INFO | [STAGE 1] [LEVEL 6] https://apps.cer-rec.gc.ca/REGDOCS/Item/View/2954951
2026-02-05 23:24:07,408 | INFO | OPEN → https://apps.cer-rec.gc.ca/REGDOCS/Item/View/2954951
2026-02-05 23:24:10,787 | INFO | Links found: 44
2026-02-05 23:24:10,891 | INFO | PDF FOUND → https://apps.cer-rec.gc.ca/REGDOCS/File/Download/2955657
2026-02-05 23:24:10,932 | INFO | PDF FOUND → https://apps.cer-rec.gc.ca/REGDOCS/File/Download/2955658
2026-02-05 23:24:10,985 | INFO | PDF FOUND → https://apps.cer-rec.gc.ca/REGDOCS/File/Download/2955971
2026-02-05 23:24:11,041 | INFO | PDF FOUND → https://apps.cer-rec.gc.ca/REGDOCS/File/Download/2955255
2026-02-05 23:24:11,094 | INFO | PDF FOUND → https://apps.cer-rec.gc.ca/REGDOCS/File/Download/2955659
2026-02-05 23:24:11,162 | INFO | PDF FOUND → https://apps.cer-rec.gc.ca/REGDOCS/File/Download/2954952
2026-02-05 23:24:11,232 | INFO | PDF FOUND → https://apps.cer-rec.gc.ca/REGDOCS/File/Download/2954763
2026-02-05 23:24:11,288 | INFO | PDF FOUND → https://apps.cer-rec.gc.ca/REGDOCS/File/Download/2954953
2026-02-05 23:24:11,346 | INFO | PDF FOUND → https://apps.cer-rec.gc.ca/REGDOCS/File/Download/2955256
2026-02-05 23:24:11,403 | INFO | PDF FOUND → https://apps.cer-rec.gc.ca/REGDOCS/File/Download/2954764
2026-02-05 23:24:11,469 | INFO | PDF FOUND → https://apps.cer-rec.gc.ca/REGDOCS/File/Download/2954954
2026-02-05 23:24:11,532 | INFO | PDF FOUND → https://apps.cer-rec.gc.ca/REGDOCS/File/Download/2956106
2026-02-05 23:24:11,588 | INFO | PDF FOUND → https://apps.cer-rec.gc.ca/REGDOCS/File/Download/2955972
2026-02-05 23:24:11,678 | INFO | [STAGE 1] [LEVEL 6] https://apps.cer-rec.gc.ca/REGDOCS/Item/View/2969314
2026-02-05 23:24:11,727 | INFO | OPEN → https://apps.cer-rec.gc.ca/REGDOCS/Item/View/2969314
2026-02-05 23:24:17,810 | INFO | Links found: 11
2026-02-05 23:24:17,917 | INFO | PDF FOUND → https://apps.cer-rec.gc.ca/REGDOCS/File/Download/2969404
2026-02-05 23:24:17,965 | INFO | PDF FOUND → https://apps.cer-rec.gc.ca/REGDOCS/File/Download/2969405
2026-02-05 23:24:18,049 | INFO | [STAGE 1] [LEVEL 6] https://apps.cer-rec.gc.ca/REGDOCS/Item/View/2995606
2026-02-05 23:24:18,092 | INFO | OPEN → https://apps.cer-rec.gc.ca/REGDOCS/Item/View/2995606
2026-02-05 23:24:21,263 | INFO | Links found: 13
2026-02-05 23:24:21,371 | INFO | PDF FOUND → https://apps.cer-rec.gc.ca/REGDOCS/File/Download/2996000
2026-02-05 23:24:21,415 | INFO | PDF FOUND → https://apps.cer-rec.gc.ca/REGDOCS/File/Download/41059
2026-02-05 23:24:21,464 | INFO | PDF FOUND → https://apps.cer-rec.gc.ca/REGDOCS/File/Download/2995607
2026-02-05 23:24:21,552 | INFO | [STAGE 1] [LEVEL 6] https://apps.cer-rec.gc.ca/REGDOCS/Item/View/3004004
2026-02-05 23:24:21,597 | INFO | OPEN → https://apps.cer-rec.gc.ca/REGDOCS/Item/View/3004004
2026-02-05 23:24:24,950 | INFO | Links found: 11
2026-02-05 23:24:25,054 | INFO | PDF FOUND → https://apps.cer-rec.gc.ca/REGDOCS/File/Download/3004283
2026-02-05 23:24:25,106 | INFO | PDF FOUND → https://apps.cer-rec.gc.ca/REGDOCS/File/Download/3004631
2026-02-05 23:24:25,202 | INFO | [STAGE 1] [LEVEL 6] https://apps.cer-rec.gc.ca/REGDOCS/Item/View/3005154
2026-02-05 23:24:25,249 | INFO | OPEN → https://apps.cer-rec.gc.ca/REGDOCS/Item/View/3005154
2026-02-05 23:24:28,571 | INFO | Links found: 35
2026-02-05 23:24:28,684 | INFO | PDF FOUND → https://apps.cer-rec.gc.ca/REGDOCS/File/Download/3004954
2026-02-05 23:24:28,730 | INFO | PDF FOUND → https://apps.cer-rec.gc.ca/REGDOCS/File/Download/3004766
2026-02-05 23:24:28,786 | INFO | PDF FOUND → https://apps.cer-rec.gc.ca/REGDOCS/File/Download/3004955
2026-02-05 23:24:28,834 | INFO | PDF FOUND → https://apps.cer-rec.gc.ca/REGDOCS/File/Download/3005155
2026-02-05 23:24:28,892 | INFO | PDF FOUND → https://apps.cer-rec.gc.ca/REGDOCS/File/Download/3004956
2026-02-05 23:24:28,944 | INFO | PDF FOUND → https://apps.cer-rec.gc.ca/REGDOCS/File/Download/3004861
2026-02-05 23:24:28,998 | INFO | PDF FOUND → https://apps.cer-rec.gc.ca/REGDOCS/File/Download/3005339
2026-02-05 23:24:29,053 | INFO | PDF FOUND → https://apps.cer-rec.gc.ca/REGDOCS/File/Download/3004469
2026-02-05 23:24:29,104 | INFO | PDF FOUND → https://apps.cer-rec.gc.ca/REGDOCS/File/Download/3004575
2026-02-05 23:24:29,157 | INFO | PDF FOUND → https://apps.cer-rec.gc.ca/REGDOCS/File/Download/3004862
2026-02-05 23:24:29,254 | INFO | [STAGE 1] [LEVEL 6] https://apps.cer-rec.gc.ca/REGDOCS/Item/View/3005345
2026-02-05 23:24:29,299 | INFO | OPEN → https://apps.cer-rec.gc.ca/REGDOCS/Item/View/3005345
2026-02-05 23:24:32,430 | INFO | Links found: 11
2026-02-05 23:24:32,543 | INFO | PDF FOUND → https://apps.cer-rec.gc.ca/REGDOCS/File/Download/3004582
2026-02-05 23:24:32,593 | INFO | PDF FOUND → https://apps.cer-rec.gc.ca/REGDOCS/File/Download/3004473
2026-02-05 23:24:32,715 | INFO | [STAGE 1] [LEVEL 6] https://apps.cer-rec.gc.ca/REGDOCS/Item/View/3006033
2026-02-05 23:24:32,783 | INFO | OPEN → https://apps.cer-rec.gc.ca/REGDOCS/Item/View/3006033
2026-02-05 23:24:37,711 | INFO | Links found: 29
2026-02-05 23:24:37,800 | INFO | PDF FOUND → https://apps.cer-rec.gc.ca/REGDOCS/File/Download/3005732
2026-02-05 23:24:37,833 | INFO | PDF FOUND → https://apps.cer-rec.gc.ca/REGDOCS/File/Download/3006533
2026-02-05 23:24:37,886 | INFO | PDF FOUND → https://apps.cer-rec.gc.ca/REGDOCS/File/Download/3006435
2026-02-05 23:24:37,933 | INFO | PDF FOUND → https://apps.cer-rec.gc.ca/REGDOCS/File/Download/3006631
2026-02-05 23:24:37,973 | INFO | PDF FOUND → https://apps.cer-rec.gc.ca/REGDOCS/File/Download/3006235
2026-02-05 23:24:38,008 | INFO | PDF FOUND → https://apps.cer-rec.gc.ca/REGDOCS/File/Download/3006722
2026-02-05 23:24:38,041 | INFO | PDF FOUND → https://apps.cer-rec.gc.ca/REGDOCS/File/Download/3006811
2026-02-05 23:24:38,070 | INFO | PDF FOUND → https://apps.cer-rec.gc.ca/REGDOCS/File/Download/3005927
2026-02-05 23:24:38,137 | INFO | [STAGE 1] [LEVEL 6] https://apps.cer-rec.gc.ca/REGDOCS/Item/View/3027414
2026-02-05 23:24:38,185 | INFO | OPEN → https://apps.cer-rec.gc.ca/REGDOCS/Item/View/3027414
2026-02-05 23:24:41,388 | INFO | Links found: 14
2026-02-05 23:24:41,492 | INFO | PDF FOUND → https://apps.cer-rec.gc.ca/REGDOCS/File/Download/3027415
2026-02-05 23:24:41,533 | INFO | PDF FOUND → https://apps.cer-rec.gc.ca/REGDOCS/File/Download/41059
2026-02-05 23:24:41,584 | INFO | PDF FOUND → https://apps.cer-rec.gc.ca/REGDOCS/File/Download/3027642
2026-02-05 23:24:41,668 | INFO | [STAGE 1] [LEVEL 6] https://apps.cer-rec.gc.ca/REGDOCS/Item/View/3117990
2026-02-05 23:24:41,714 | INFO | OPEN → https://apps.cer-rec.gc.ca/REGDOCS/Item/View/3117990
2026-02-05 23:24:44,923 | INFO | Links found: 26
2026-02-05 23:24:45,059 | INFO | PDF FOUND → https://apps.cer-rec.gc.ca/REGDOCS/File/Download/3117883
2026-02-05 23:24:45,106 | INFO | PDF FOUND → https://apps.cer-rec.gc.ca/REGDOCS/File/Download/3117884
2026-02-05 23:24:45,152 | INFO | PDF FOUND → https://apps.cer-rec.gc.ca/REGDOCS/File/Download/3117885
2026-02-05 23:24:45,200 | INFO | PDF FOUND → https://apps.cer-rec.gc.ca/REGDOCS/File/Download/3117886
2026-02-05 23:24:45,236 | INFO | PDF FOUND → https://apps.cer-rec.gc.ca/REGDOCS/File/Download/3117887
2026-02-05 23:24:45,273 | INFO | PDF FOUND → https://apps.cer-rec.gc.ca/REGDOCS/File/Download/3153669
2026-02-05 23:24:45,319 | INFO | PDF FOUND → https://apps.cer-rec.gc.ca/REGDOCS/File/Download/3117888
2026-02-05 23:24:45,406 | INFO | [STAGE 1] [LEVEL 6] https://apps.cer-rec.gc.ca/REGDOCS/Item/View/3266483
2026-02-05 23:24:45,447 | INFO | OPEN → https://apps.cer-rec.gc.ca/REGDOCS/Item/View/3266483
2026-02-05 23:24:48,655 | INFO | Links found: 11
2026-02-05 23:24:48,762 | INFO | PDF FOUND → https://apps.cer-rec.gc.ca/REGDOCS/File/Download/3268116
2026-02-05 23:24:48,804 | INFO | PDF FOUND → https://apps.cer-rec.gc.ca/REGDOCS/File/Download/3267380
2026-02-05 23:24:48,885 | INFO | [STAGE 1] [LEVEL 6] https://apps.cer-rec.gc.ca/REGDOCS/Item/View/3281339
2026-02-05 23:24:48,929 | INFO | OPEN → https://apps.cer-rec.gc.ca/REGDOCS/Item/View/3281339
2026-02-05 23:24:53,140 | INFO | Links found: 11
2026-02-05 23:24:53,247 | INFO | PDF FOUND → https://apps.cer-rec.gc.ca/REGDOCS/File/Download/3280245
2026-02-05 23:24:53,295 | INFO | PDF FOUND → https://apps.cer-rec.gc.ca/REGDOCS/File/Download/3280354
2026-02-05 23:24:53,409 | INFO | [STAGE 1] [LEVEL 5] https://apps.cer-rec.gc.ca/REGDOCS/Item/View/601522
2026-02-05 23:24:53,459 | INFO | OPEN → https://apps.cer-rec.gc.ca/REGDOCS/Item/View/601522
2026-02-05 23:24:57,093 | INFO | Links found: 9
2026-02-05 23:24:57,158 | INFO | SKIP (visited): https://apps.cer-rec.gc.ca/REGDOCS/Item/View/601522
2026-02-05 23:24:57,184 | INFO | SKIP (visited): https://apps.cer-rec.gc.ca/REGDOCS/Item/View/90464
2026-02-05 23:24:57,213 | INFO | SKIP (visited): https://apps.cer-rec.gc.ca/REGDOCS/Item/View/90548
2026-02-05 23:24:57,240 | INFO | SKIP (visited): https://apps.cer-rec.gc.ca/REGDOCS/Item/View/601521
2026-02-05 23:24:57,267 | INFO | [STAGE 1] [LEVEL 6] https://apps.cer-rec.gc.ca/REGDOCS/Item/View/601688
2026-02-05 23:24:57,343 | INFO | OPEN → https://apps.cer-rec.gc.ca/REGDOCS/Item/View/601688
2026-02-05 23:25:00,577 | INFO | Links found: 11
2026-02-05 23:25:00,695 | INFO | PDF FOUND → https://apps.cer-rec.gc.ca/REGDOCS/File/Download/601523
2026-02-05 23:25:00,744 | INFO | PDF FOUND → https://apps.cer-rec.gc.ca/REGDOCS/File/Download/601605
2026-02-05 23:25:00,833 | INFO | [STAGE 1] [LEVEL 6] https://apps.cer-rec.gc.ca/REGDOCS/Item/View/654040
2026-02-05 23:25:00,888 | INFO | OPEN → https://apps.cer-rec.gc.ca/REGDOCS/Item/View/654040
2026-02-05 23:25:05,733 | INFO | Links found: 14
2026-02-05 23:25:05,806 | INFO | PDF FOUND → https://apps.cer-rec.gc.ca/REGDOCS/File/Download/654041
2026-02-05 23:25:05,834 | INFO | PDF FOUND → https://apps.cer-rec.gc.ca/REGDOCS/File/Download/653969
2026-02-05 23:25:05,866 | INFO | PDF FOUND → https://apps.cer-rec.gc.ca/REGDOCS/File/Download/654044
2026-02-05 23:25:05,956 | INFO | [STAGE 1] [LEVEL 4] https://apps.cer-rec.gc.ca/REGDOCS/Item/View/971663
2026-02-05 23:25:05,991 | INFO | OPEN → https://apps.cer-rec.gc.ca/REGDOCS/Item/View/971663
2026-02-05 23:25:20,723 | INFO | Links found: 11
2026-02-05 23:25:20,767 | INFO | SKIP (visited): https://apps.cer-rec.gc.ca/REGDOCS/Item/View/971663
2026-02-05 23:25:20,791 | INFO | SKIP (visited): https://apps.cer-rec.gc.ca/REGDOCS/Item/View/90464
2026-02-05 23:25:20,812 | INFO | SKIP (visited): https://apps.cer-rec.gc.ca/REGDOCS/Item/View/90548
2026-02-05 23:25:20,823 | INFO | SKIP (visited): https://apps.cer-rec.gc.ca/REGDOCS/Item/View/601521
2026-02-05 23:25:20,836 | INFO | SKIP (visited): https://apps.cer-rec.gc.ca/REGDOCS/Item/View/948512
2026-02-05 23:25:20,847 | INFO | PDF FOUND → https://apps.cer-rec.gc.ca/REGDOCS/File/Download/971764
2026-02-05 23:25:20,882 | INFO | PDF FOUND → https://apps.cer-rec.gc.ca/REGDOCS/File/Download/972005
2026-02-05 23:25:20,947 | INFO | [STAGE 1] [LEVEL 4] https://apps.cer-rec.gc.ca/REGDOCS/Item/View/2381438
2026-02-05 23:25:20,980 | INFO | OPEN → https://apps.cer-rec.gc.ca/REGDOCS/Item/View/2381438
2026-02-05 23:25:51,315 | INFO | Links found: 14
2026-02-05 23:25:51,358 | INFO | SKIP (visited): https://apps.cer-rec.gc.ca/REGDOCS/Item/View/2381438
2026-02-05 23:25:51,372 | INFO | SKIP (visited): https://apps.cer-rec.gc.ca/REGDOCS/Item/View/90464
2026-02-05 23:25:51,381 | INFO | SKIP (visited): https://apps.cer-rec.gc.ca/REGDOCS/Item/View/90548
2026-02-05 23:25:51,401 | INFO | SKIP (visited): https://apps.cer-rec.gc.ca/REGDOCS/Item/View/601521
2026-02-05 23:25:51,423 | INFO | SKIP (visited): https://apps.cer-rec.gc.ca/REGDOCS/Item/View/948512
2026-02-05 23:25:51,446 | INFO | PDF FOUND → https://apps.cer-rec.gc.ca/REGDOCS/File/Download/2381330
2026-02-05 23:25:51,502 | INFO | PDF FOUND → https://apps.cer-rec.gc.ca/REGDOCS/File/Download/2381980
2026-02-05 23:25:51,533 | INFO | PDF FOUND → https://apps.cer-rec.gc.ca/REGDOCS/File/Download/2381981
2026-02-05 23:25:51,590 | INFO | [STAGE 1] [LEVEL 4] https://apps.cer-rec.gc.ca/REGDOCS/Item/View/2406953
2026-02-05 23:25:51,626 | INFO | OPEN → https://apps.cer-rec.gc.ca/REGDOCS/Item/View/2406953
2026-02-05 23:25:54,741 | INFO | Links found: 11
2026-02-05 23:25:54,781 | INFO | SKIP (visited): https://apps.cer-rec.gc.ca/REGDOCS/Item/View/2406953
2026-02-05 23:25:54,792 | INFO | SKIP (visited): https://apps.cer-rec.gc.ca/REGDOCS/Item/View/90464
2026-02-05 23:25:54,805 | INFO | SKIP (visited): https://apps.cer-rec.gc.ca/REGDOCS/Item/View/90548
2026-02-05 23:25:54,815 | INFO | SKIP (visited): https://apps.cer-rec.gc.ca/REGDOCS/Item/View/601521
2026-02-05 23:25:54,826 | INFO | SKIP (visited): https://apps.cer-rec.gc.ca/REGDOCS/Item/View/948512
2026-02-05 23:25:54,838 | INFO | PDF FOUND → https://apps.cer-rec.gc.ca/REGDOCS/File/Download/2406954
2026-02-05 23:25:54,880 | INFO | PDF FOUND → https://apps.cer-rec.gc.ca/REGDOCS/File/Download/2404497
2026-02-05 23:25:54,939 | INFO | [STAGE 1] [LEVEL 4] https://apps.cer-rec.gc.ca/REGDOCS/Item/View/2413459
2026-02-05 23:25:54,973 | INFO | OPEN → https://apps.cer-rec.gc.ca/REGDOCS/Item/View/2413459
2026-02-05 23:25:58,067 | INFO | Links found: 11
2026-02-05 23:25:58,106 | INFO | SKIP (visited): https://apps.cer-rec.gc.ca/REGDOCS/Item/View/2413459
2026-02-05 23:25:58,122 | INFO | SKIP (visited): https://apps.cer-rec.gc.ca/REGDOCS/Item/View/90464
2026-02-05 23:25:58,134 | INFO | SKIP (visited): https://apps.cer-rec.gc.ca/REGDOCS/Item/View/90548
2026-02-05 23:25:58,158 | INFO | SKIP (visited): https://apps.cer-rec.gc.ca/REGDOCS/Item/View/601521
2026-02-05 23:25:58,185 | INFO | SKIP (visited): https://apps.cer-rec.gc.ca/REGDOCS/Item/View/948512
2026-02-05 23:25:58,201 | INFO | PDF FOUND → https://apps.cer-rec.gc.ca/REGDOCS/File/Download/2413144
2026-02-05 23:25:58,238 | INFO | PDF FOUND → https://apps.cer-rec.gc.ca/REGDOCS/File/Download/2413460
2026-02-05 23:25:58,296 | INFO | [STAGE 1] [LEVEL 4] https://apps.cer-rec.gc.ca/REGDOCS/Item/View/2477798
2026-02-05 23:25:58,326 | INFO | OPEN → https://apps.cer-rec.gc.ca/REGDOCS/Item/View/2477798
2026-02-05 23:26:01,425 | INFO | Links found: 14
2026-02-05 23:26:01,451 | INFO | SKIP (visited): https://apps.cer-rec.gc.ca/REGDOCS/Item/View/2477798
2026-02-05 23:26:01,459 | INFO | SKIP (visited): https://apps.cer-rec.gc.ca/REGDOCS/Item/View/90464
2026-02-05 23:26:01,467 | INFO | SKIP (visited): https://apps.cer-rec.gc.ca/REGDOCS/Item/View/90548
2026-02-05 23:26:01,480 | INFO | SKIP (visited): https://apps.cer-rec.gc.ca/REGDOCS/Item/View/601521
2026-02-05 23:26:01,491 | INFO | SKIP (visited): https://apps.cer-rec.gc.ca/REGDOCS/Item/View/948512
2026-02-05 23:26:01,509 | INFO | PDF FOUND → https://apps.cer-rec.gc.ca/REGDOCS/File/Download/2477650
2026-02-05 23:26:01,547 | INFO | PDF FOUND → https://apps.cer-rec.gc.ca/REGDOCS/File/Download/2480233
2026-02-05 23:26:01,579 | INFO | PDF FOUND → https://apps.cer-rec.gc.ca/REGDOCS/File/Download/2478638
2026-02-05 23:26:01,632 | INFO | [STAGE 1] [LEVEL 4] https://apps.cer-rec.gc.ca/REGDOCS/Item/View/2484636
2026-02-05 23:26:01,659 | INFO | OPEN → https://apps.cer-rec.gc.ca/REGDOCS/Item/View/2484636
2026-02-05 23:26:04,773 | INFO | Links found: 11
2026-02-05 23:26:04,802 | INFO | SKIP (visited): https://apps.cer-rec.gc.ca/REGDOCS/Item/View/2484636
2026-02-05 23:26:04,814 | INFO | SKIP (visited): https://apps.cer-rec.gc.ca/REGDOCS/Item/View/90464
2026-02-05 23:26:04,823 | INFO | SKIP (visited): https://apps.cer-rec.gc.ca/REGDOCS/Item/View/90548
2026-02-05 23:26:04,834 | INFO | SKIP (visited): https://apps.cer-rec.gc.ca/REGDOCS/Item/View/601521
2026-02-05 23:26:04,843 | INFO | SKIP (visited): https://apps.cer-rec.gc.ca/REGDOCS/Item/View/948512
2026-02-05 23:26:04,854 | INFO | PDF FOUND → https://apps.cer-rec.gc.ca/REGDOCS/File/Download/2484538
2026-02-05 23:26:04,891 | INFO | PDF FOUND → https://apps.cer-rec.gc.ca/REGDOCS/File/Download/2484637
2026-02-05 23:26:04,958 | INFO | [STAGE 1] [LEVEL 4] https://apps.cer-rec.gc.ca/REGDOCS/Item/View/2788068
2026-02-05 23:26:04,987 | INFO | OPEN → https://apps.cer-rec.gc.ca/REGDOCS/Item/View/2788068
2026-02-05 23:26:08,675 | ERROR | Future exception was never retrieved
future: <Future finished exception=TargetClosedError('Target page, context or browser has been closed')>
playwright._impl._errors.TargetClosedError: Target page, context or browser has been closed
2026-02-05 23:28:56,373 | INFO | ===== STAGE 1 START (Facilities > Electricity) =====
2026-02-05 23:36:46,678 | INFO | ===== STAGE 1 START (Facilities > Electricity) =====
2026-02-05 23:36:46,679 | INFO | [STAGE 1] [LEVEL 1] https://apps.cer-rec.gc.ca/REGDOCS/Item/View/90548
2026-02-05 23:37:15,057 | INFO | [STAGE 1] [LEVEL 2] https://apps.cer-rec.gc.ca/REGDOCS/Item/View/712882
2026-02-05 23:37:18,545 | INFO | Dataset not ready, attempting reload...
2026-02-05 23:37:26,690 | INFO | Dataset not ready, attempting reload...
2026-02-05 23:37:36,259 | INFO | Dataset not ready, attempting reload...
2026-02-05 23:37:47,765 | INFO | Dataset not ready, attempting reload...
2026-02-05 23:37:58,042 | INFO | Dataset not ready, attempting reload...
2026-02-05 23:38:05,614 | INFO | Dataset not ready, attempting reload...
2026-02-05 23:38:13,476 | INFO | [STAGE 1] [LEVEL 2] https://apps.cer-rec.gc.ca/REGDOCS/Item/View/601521
2026-02-05 23:38:16,253 | INFO | Dataset not ready, attempting reload...
2026-02-05 23:38:23,837 | INFO | Dataset not ready, attempting reload...
2026-02-05 23:38:31,534 | INFO | Dataset not ready, attempting reload...
2026-02-05 23:38:39,291 | INFO | Dataset not ready, attempting reload...
2026-02-05 23:38:49,088 | INFO | Dataset not ready, attempting reload...
2026-02-05 23:38:56,587 | INFO | Dataset not ready, attempting reload...
2026-02-05 23:39:04,484 | INFO | [STAGE 1] [LEVEL 2] https://apps.cer-rec.gc.ca/REGDOCS/Item/View/414653
2026-02-05 23:39:07,186 | INFO | Dataset not ready, attempting reload...
2026-02-05 23:39:14,540 | INFO | Dataset not ready, attempting reload...
2026-02-05 23:39:21,852 | INFO | Dataset not ready, attempting reload...
2026-02-05 23:39:29,289 | INFO | Dataset not ready, attempting reload...
2026-02-05 23:39:36,875 | INFO | Dataset not ready, attempting reload...
2026-02-05 23:39:44,206 | INFO | Dataset not ready, attempting reload...
2026-02-05 23:39:51,836 | INFO | [STAGE 1] [LEVEL 2] https://apps.cer-rec.gc.ca/REGDOCS/Item/View/628044
2026-02-05 23:39:56,174 | INFO | [STAGE 1] [LEVEL 3] https://apps.cer-rec.gc.ca/REGDOCS/Item/View/4598700
2026-02-05 23:40:00,815 | INFO | [STAGE 1] [LEVEL 4] https://apps.cer-rec.gc.ca/REGDOCS/Item/View/4596760
2026-02-05 23:40:03,607 | INFO | Dataset not ready, attempting reload...
2026-02-05 23:40:11,050 | INFO | Dataset not ready, attempting reload...
2026-02-05 23:40:18,357 | INFO | Dataset not ready, attempting reload...
2026-02-05 23:40:28,038 | INFO | Dataset not ready, attempting reload...
2026-02-05 23:40:38,097 | INFO | Dataset not ready, attempting reload...
2026-02-05 23:40:45,621 | INFO | Dataset not ready, attempting reload...
2026-02-05 23:40:53,215 | INFO | [STAGE 1] [LEVEL 4] https://apps.cer-rec.gc.ca/REGDOCS/Item/View/628044
2026-02-05 23:40:57,724 | INFO | [STAGE 1] [LEVEL 5] https://apps.cer-rec.gc.ca/REGDOCS/Item/View/4598700
2026-02-05 23:41:02,219 | INFO | [STAGE 1] [LEVEL 6] https://apps.cer-rec.gc.ca/REGDOCS/Item/View/4596760
2026-02-05 23:41:05,040 | INFO | Dataset not ready, attempting reload...
2026-02-05 23:41:12,359 | INFO | Dataset not ready, attempting reload...
2026-02-05 23:41:19,726 | INFO | Dataset not ready, attempting reload...
2026-02-05 23:41:27,052 | INFO | Dataset not ready, attempting reload...
2026-02-05 23:41:34,268 | INFO | Dataset not ready, attempting reload...
2026-02-05 23:41:41,583 | INFO | Dataset not ready, attempting reload...
2026-02-05 23:41:49,109 | INFO | [STAGE 1] [LEVEL 6] https://apps.cer-rec.gc.ca/REGDOCS/Item/View/628044
2026-02-05 23:41:53,675 | INFO | [STAGE 1] [LEVEL 6] https://apps.cer-rec.gc.ca/REGDOCS/Item/View/4611149
2026-02-05 23:41:58,449 | INFO | [STAGE 1] [LEVEL 6] https://apps.cer-rec.gc.ca/REGDOCS/Item/View/4631492
2026-02-05 23:42:01,236 | INFO | Dataset not ready, attempting reload...
2026-02-05 23:42:09,955 | INFO | Dataset not ready, attempting reload...
2026-02-05 23:42:17,319 | INFO | Dataset not ready, attempting reload...
2026-02-05 23:42:24,615 | INFO | Dataset not ready, attempting reload...
2026-02-05 23:42:31,901 | INFO | Dataset not ready, attempting reload...
2026-02-05 23:42:39,261 | INFO | Dataset not ready, attempting reload...
2026-02-05 23:42:46,740 | INFO | [STAGE 1] [LEVEL 6] https://apps.cer-rec.gc.ca/REGDOCS/Item/View/4646419
2026-02-05 23:42:51,136 | INFO | [STAGE 1] [LEVEL 5] https://apps.cer-rec.gc.ca/REGDOCS/Item/View/628044
2026-02-05 23:42:55,506 | INFO | [STAGE 1] [LEVEL 6] https://apps.cer-rec.gc.ca/REGDOCS/Item/View/4598700
2026-02-05 23:42:59,957 | INFO | [STAGE 1] [LEVEL 6] https://apps.cer-rec.gc.ca/REGDOCS/Item/View/3224920
2026-02-05 23:43:04,869 | INFO | [STAGE 1] [LEVEL 6] https://apps.cer-rec.gc.ca/REGDOCS/Item/View/628145
2026-02-05 23:43:09,217 | INFO | [STAGE 1] [LEVEL 5] https://apps.cer-rec.gc.ca/REGDOCS/Item/View/3224920
2026-02-05 23:43:16,373 | INFO | [STAGE 1] [LEVEL 6] https://apps.cer-rec.gc.ca/REGDOCS/Item/View/3210224
2026-02-05 23:43:19,550 | INFO | Dataset not ready, attempting reload...
2026-02-05 23:43:27,574 | INFO | Dataset not ready, attempting reload...
2026-02-05 23:43:37,175 | INFO | Dataset not ready, attempting reload...
2026-02-05 23:43:47,378 | INFO | Dataset not ready, attempting reload...
2026-02-05 23:43:55,726 | INFO | Dataset not ready, attempting reload...
2026-02-05 23:44:03,568 | INFO | Dataset not ready, attempting reload...
2026-02-05 23:44:11,211 | INFO | [STAGE 1] [LEVEL 6] https://apps.cer-rec.gc.ca/REGDOCS/Item/View/3282544
2026-02-05 23:44:15,555 | INFO | [STAGE 1] [LEVEL 6] https://apps.cer-rec.gc.ca/REGDOCS/Item/View/3296707
2026-02-05 23:44:18,249 | INFO | Dataset not ready, attempting reload...
2026-02-05 23:44:25,600 | INFO | Dataset not ready, attempting reload...
2026-02-05 23:44:33,109 | INFO | Dataset not ready, attempting reload...
2026-02-05 23:44:40,453 | INFO | Dataset not ready, attempting reload...
2026-02-05 23:44:47,712 | INFO | Dataset not ready, attempting reload...
2026-02-05 23:44:54,950 | INFO | Dataset not ready, attempting reload...
2026-02-05 23:45:02,353 | INFO | [STAGE 1] [LEVEL 6] https://apps.cer-rec.gc.ca/REGDOCS/Item/View/3299347
2026-02-05 23:45:05,302 | INFO | Dataset not ready, attempting reload...
2026-02-05 23:45:12,635 | INFO | Dataset not ready, attempting reload...
2026-02-05 23:45:19,894 | INFO | Dataset not ready, attempting reload...
2026-02-05 23:45:27,157 | INFO | Dataset not ready, attempting reload...
2026-02-05 23:45:34,508 | INFO | Dataset not ready, attempting reload...
2026-02-05 23:45:41,753 | INFO | Dataset not ready, attempting reload...
2026-02-05 23:45:49,413 | INFO | [STAGE 1] [LEVEL 6] https://apps.cer-rec.gc.ca/REGDOCS/Item/View/3297854
2026-02-05 23:45:53,878 | INFO | [STAGE 1] [LEVEL 6] https://apps.cer-rec.gc.ca/REGDOCS/Item/View/3297775
2026-02-05 23:45:56,571 | INFO | Dataset not ready, attempting reload...
2026-02-05 23:46:03,907 | INFO | Dataset not ready, attempting reload...
2026-02-05 23:46:11,170 | INFO | Dataset not ready, attempting reload...
2026-02-05 23:46:18,505 | INFO | Dataset not ready, attempting reload...
2026-02-05 23:46:25,801 | INFO | Dataset not ready, attempting reload...
2026-02-05 23:46:33,055 | INFO | Dataset not ready, attempting reload...
2026-02-05 23:46:40,938 | INFO | [STAGE 1] [LEVEL 6] https://apps.cer-rec.gc.ca/REGDOCS/Item/View/3327825
2026-02-05 23:46:46,297 | INFO | [STAGE 1] [LEVEL 6] https://apps.cer-rec.gc.ca/REGDOCS/Item/View/3330818
2026-02-05 23:46:49,048 | INFO | Dataset not ready, attempting reload...
2026-02-05 23:46:56,438 | INFO | Dataset not ready, attempting reload...
2026-02-05 23:47:06,746 | INFO | Dataset not ready, attempting reload...
2026-02-05 23:47:14,103 | INFO | Dataset not ready, attempting reload...
2026-02-05 23:47:21,476 | INFO | Dataset not ready, attempting reload...
2026-02-05 23:47:28,985 | INFO | Dataset not ready, attempting reload...
2026-02-05 23:47:37,074 | INFO | [STAGE 1] [LEVEL 6] https://apps.cer-rec.gc.ca/REGDOCS/Item/View/3341404
2026-02-05 23:47:41,662 | INFO | [STAGE 1] [LEVEL 6] https://apps.cer-rec.gc.ca/REGDOCS/Item/View/3346293
2026-02-05 23:47:44,529 | INFO | Dataset not ready, attempting reload...
2026-02-05 23:47:52,581 | INFO | Dataset not ready, attempting reload...
2026-02-05 23:48:00,319 | INFO | Dataset not ready, attempting reload...
2026-02-05 23:48:08,665 | INFO | Dataset not ready, attempting reload...
2026-02-05 23:48:16,851 | INFO | Dataset not ready, attempting reload...
2026-02-05 23:48:24,446 | INFO | Dataset not ready, attempting reload...
2026-02-05 23:48:32,163 | INFO | [STAGE 1] [LEVEL 6] https://apps.cer-rec.gc.ca/REGDOCS/Item/View/3354978
2026-02-05 23:48:36,792 | INFO | [STAGE 1] [LEVEL 6] https://apps.cer-rec.gc.ca/REGDOCS/Item/View/3460627
2026-02-05 23:48:41,411 | INFO | [STAGE 1] [LEVEL 6] https://apps.cer-rec.gc.ca/REGDOCS/Item/View/3613482
2026-02-05 23:48:44,238 | INFO | Dataset not ready, attempting reload...
2026-02-05 23:48:51,785 | INFO | Dataset not ready, attempting reload...
2026-02-05 23:48:59,359 | INFO | Dataset not ready, attempting reload...
2026-02-05 23:49:06,840 | INFO | Dataset not ready, attempting reload...
2026-02-05 23:49:14,238 | INFO | Dataset not ready, attempting reload...
2026-02-05 23:49:21,594 | INFO | Dataset not ready, attempting reload...
2026-02-05 23:49:29,438 | INFO | [STAGE 1] [LEVEL 6] https://apps.cer-rec.gc.ca/REGDOCS/Item/View/3710032
2026-02-05 23:49:32,254 | INFO | Dataset not ready, attempting reload...
2026-02-05 23:49:39,684 | INFO | Dataset not ready, attempting reload...
2026-02-05 23:49:47,066 | INFO | Dataset not ready, attempting reload...
2026-02-05 23:49:54,453 | INFO | Dataset not ready, attempting reload...
2026-02-05 23:50:01,810 | INFO | Dataset not ready, attempting reload...
2026-02-05 23:50:11,775 | INFO | Dataset not ready, attempting reload...
2026-02-05 23:50:19,503 | INFO | [STAGE 1] [LEVEL 6] https://apps.cer-rec.gc.ca/REGDOCS/Item/View/3718689
2026-02-05 23:50:22,466 | INFO | Dataset not ready, attempting reload...
2026-02-05 23:50:30,180 | INFO | Dataset not ready, attempting reload...
2026-02-05 23:50:37,617 | INFO | Dataset not ready, attempting reload...
2026-02-05 23:50:44,958 | INFO | Dataset not ready, attempting reload...
2026-02-05 23:50:52,325 | INFO | Dataset not ready, attempting reload...
2026-02-05 23:50:59,800 | INFO | Dataset not ready, attempting reload...
2026-02-05 23:51:07,551 | INFO | [STAGE 1] [LEVEL 5] https://apps.cer-rec.gc.ca/REGDOCS/Item/View/628145
2026-02-05 23:51:12,617 | INFO | [STAGE 1] [LEVEL 6] https://apps.cer-rec.gc.ca/REGDOCS/Item/View/625834
2026-02-05 23:51:15,439 | INFO | Dataset not ready, attempting reload...
2026-02-05 23:51:22,890 | INFO | Dataset not ready, attempting reload...
2026-02-05 23:51:30,299 | INFO | Dataset not ready, attempting reload...
2026-02-05 23:51:37,695 | INFO | Dataset not ready, attempting reload...
2026-02-05 23:51:45,078 | INFO | Dataset not ready, attempting reload...
2026-02-05 23:51:52,589 | INFO | Dataset not ready, attempting reload...
2026-02-05 23:52:00,720 | INFO | [STAGE 1] [LEVEL 6] https://apps.cer-rec.gc.ca/REGDOCS/Item/View/643350
2026-02-05 23:52:05,475 | INFO | [STAGE 1] [LEVEL 6] https://apps.cer-rec.gc.ca/REGDOCS/Item/View/671022
2026-02-05 23:52:12,841 | INFO | [STAGE 1] [LEVEL 4] https://apps.cer-rec.gc.ca/REGDOCS/Item/View/4611149
2026-02-05 23:52:18,053 | INFO | [STAGE 1] [LEVEL 5] https://apps.cer-rec.gc.ca/REGDOCS/Item/View/4611149
2026-02-05 23:52:22,791 | INFO | [STAGE 1] [LEVEL 4] https://apps.cer-rec.gc.ca/REGDOCS/Item/View/4631492
2026-02-05 23:52:26,331 | INFO | Dataset not ready, attempting reload...
2026-02-05 23:52:34,344 | INFO | Dataset not ready, attempting reload...
2026-02-05 23:52:42,696 | INFO | Dataset not ready, attempting reload...
2026-02-05 23:52:50,184 | INFO | Dataset not ready, attempting reload...
2026-02-05 23:52:57,755 | INFO | Dataset not ready, attempting reload...
2026-02-05 23:53:05,381 | INFO | Dataset not ready, attempting reload...
2026-02-05 23:53:13,166 | INFO | [STAGE 1] [LEVEL 4] https://apps.cer-rec.gc.ca/REGDOCS/Item/View/4646419
2026-02-05 23:53:17,712 | INFO | [STAGE 1] [LEVEL 5] https://apps.cer-rec.gc.ca/REGDOCS/Item/View/4646419
2026-02-05 23:53:22,701 | INFO | [STAGE 1] [LEVEL 3] https://apps.cer-rec.gc.ca/REGDOCS/Item/View/628044
2026-02-05 23:53:32,357 | INFO | [STAGE 1] [LEVEL 4] https://apps.cer-rec.gc.ca/REGDOCS/Item/View/4598700
2026-02-05 23:53:40,644 | INFO | [STAGE 1] [LEVEL 5] https://apps.cer-rec.gc.ca/REGDOCS/Item/View/4596760
2026-02-05 23:53:44,750 | INFO | Dataset not ready, attempting reload...
2026-02-05 23:53:58,594 | INFO | Dataset not ready, attempting reload...
2026-02-05 23:54:06,010 | INFO | Dataset not ready, attempting reload...
2026-02-05 23:54:13,828 | INFO | Dataset not ready, attempting reload...
2026-02-05 23:54:21,282 | INFO | Dataset not ready, attempting reload...
2026-02-05 23:54:28,798 | INFO | Dataset not ready, attempting reload...
2026-02-05 23:54:36,552 | INFO | [STAGE 1] [LEVEL 5] https://apps.cer-rec.gc.ca/REGDOCS/Item/View/4631492
2026-02-05 23:54:39,374 | INFO | Dataset not ready, attempting reload...
2026-02-05 23:54:46,930 | INFO | Dataset not ready, attempting reload...
2026-02-05 23:54:54,518 | INFO | Dataset not ready, attempting reload...
2026-02-05 23:55:02,047 | INFO | Dataset not ready, attempting reload...
2026-02-05 23:55:09,530 | INFO | Dataset not ready, attempting reload...
2026-02-05 23:55:20,254 | INFO | Dataset not ready, attempting reload...
2026-02-05 23:55:28,085 | INFO | [STAGE 1] [LEVEL 4] https://apps.cer-rec.gc.ca/REGDOCS/Item/View/3224920
2026-02-05 23:55:33,573 | INFO | [STAGE 1] [LEVEL 5] https://apps.cer-rec.gc.ca/REGDOCS/Item/View/3210224
2026-02-05 23:55:36,465 | INFO | Dataset not ready, attempting reload...
2026-02-05 23:55:45,423 | INFO | Dataset not ready, attempting reload...
2026-02-05 23:55:53,906 | INFO | Dataset not ready, attempting reload...
2026-02-05 23:56:02,675 | INFO | Dataset not ready, attempting reload...
2026-02-05 23:56:10,051 | INFO | Dataset not ready, attempting reload...
2026-02-05 23:56:17,755 | INFO | Dataset not ready, attempting reload...
2026-02-05 23:56:25,995 | INFO | [STAGE 1] [LEVEL 5] https://apps.cer-rec.gc.ca/REGDOCS/Item/View/3282544
2026-02-05 23:56:32,260 | INFO | [STAGE 1] [LEVEL 5] https://apps.cer-rec.gc.ca/REGDOCS/Item/View/3296707
2026-02-05 23:56:35,454 | INFO | Dataset not ready, attempting reload...
2026-02-05 23:56:47,918 | INFO | Dataset not ready, attempting reload...
2026-02-05 23:56:57,635 | INFO | Dataset not ready, attempting reload...
2026-02-05 23:57:05,834 | INFO | Dataset not ready, attempting reload...
2026-02-05 23:57:13,233 | INFO | Dataset not ready, attempting reload...
2026-02-05 23:57:20,635 | INFO | Dataset not ready, attempting reload...
2026-02-05 23:57:28,437 | INFO | [STAGE 1] [LEVEL 5] https://apps.cer-rec.gc.ca/REGDOCS/Item/View/3299347
2026-02-05 23:57:31,373 | INFO | Dataset not ready, attempting reload...
2026-02-05 23:57:38,804 | INFO | Dataset not ready, attempting reload...
2026-02-05 23:57:46,223 | INFO | Dataset not ready, attempting reload...
2026-02-05 23:57:53,588 | INFO | Dataset not ready, attempting reload...
2026-02-05 23:58:00,968 | INFO | Dataset not ready, attempting reload...
2026-02-05 23:58:08,611 | INFO | Dataset not ready, attempting reload...
2026-02-05 23:58:16,379 | INFO | [STAGE 1] [LEVEL 5] https://apps.cer-rec.gc.ca/REGDOCS/Item/View/3297854
2026-02-05 23:58:21,192 | INFO | [STAGE 1] [LEVEL 5] https://apps.cer-rec.gc.ca/REGDOCS/Item/View/3297775
2026-02-05 23:58:24,044 | INFO | Dataset not ready, attempting reload...
2026-02-05 23:58:31,616 | INFO | Dataset not ready, attempting reload...
2026-02-05 23:58:40,801 | INFO | Dataset not ready, attempting reload...
2026-02-05 23:58:48,888 | INFO | Dataset not ready, attempting reload...
2026-02-05 23:58:56,250 | INFO | Dataset not ready, attempting reload...
2026-02-05 23:59:03,755 | INFO | Dataset not ready, attempting reload...
2026-02-05 23:59:12,857 | INFO | [STAGE 1] [LEVEL 5] https://apps.cer-rec.gc.ca/REGDOCS/Item/View/3327825
2026-02-05 23:59:19,940 | INFO | [STAGE 1] [LEVEL 5] https://apps.cer-rec.gc.ca/REGDOCS/Item/View/3330818
2026-02-05 23:59:23,223 | INFO | Dataset not ready, attempting reload...
2026-02-05 23:59:30,991 | INFO | Dataset not ready, attempting reload...
2026-02-05 23:59:39,072 | INFO | Dataset not ready, attempting reload...
2026-02-05 23:59:46,419 | INFO | Dataset not ready, attempting reload...
2026-02-05 23:59:53,808 | INFO | Dataset not ready, attempting reload...
2026-02-06 00:00:01,190 | INFO | Dataset not ready, attempting reload...
2026-02-06 00:00:12,116 | INFO | [STAGE 1] [LEVEL 5] https://apps.cer-rec.gc.ca/REGDOCS/Item/View/3341404
2026-02-06 00:00:16,770 | INFO | [STAGE 1] [LEVEL 5] https://apps.cer-rec.gc.ca/REGDOCS/Item/View/3346293
2026-02-06 00:02:38,040 | INFO | ===== STAGE 1 START (Facilities > Electricity) =====
2026-02-06 00:02:38,041 | INFO | [STAGE 1] [LEVEL 1] https://apps.cer-rec.gc.ca/REGDOCS/Item/View/90548
2026-02-06 00:04:38,129 | WARNING | Timeout loading https://apps.cer-rec.gc.ca/REGDOCS/Item/View/90548, retry 1
2026-02-06 00:05:29,114 | INFO | [STAGE 1] [LEVEL 2] https://apps.cer-rec.gc.ca/REGDOCS/Item/View/90548
2026-02-06 00:05:47,487 | INFO | [STAGE 1] [LEVEL 3] https://apps.cer-rec.gc.ca/REGDOCS/Item/View/90548
2026-02-06 00:06:05,451 | INFO | [STAGE 1] [LEVEL 4] https://apps.cer-rec.gc.ca/REGDOCS/Item/View/90548
2026-02-06 00:06:19,772 | INFO | [STAGE 1] [LEVEL 5] https://apps.cer-rec.gc.ca/REGDOCS/Item/View/90548
2026-02-06 00:06:32,906 | INFO | [STAGE 1] [LEVEL 6] https://apps.cer-rec.gc.ca/REGDOCS/Item/View/90548
2026-02-06 00:06:45,504 | INFO | [STAGE 1] [LEVEL 6] https://apps.cer-rec.gc.ca/REGDOCS/Item/View/90464
2026-02-06 00:06:57,709 | INFO | [STAGE 1] [LEVEL 6] https://apps.cer-rec.gc.ca/REGDOCS/Item/View/893488
2026-02-06 00:07:18,921 | INFO | [STAGE 1] [LEVEL 6] https://apps.cer-rec.gc.ca/REGDOCS/Item/View/350353
2026-02-06 00:07:31,274 | INFO | [STAGE 1] [LEVEL 6] https://apps.cer-rec.gc.ca/REGDOCS/Item/View/3816184
2026-02-06 00:07:43,091 | INFO | [STAGE 1] [LEVEL 6] https://apps.cer-rec.gc.ca/REGDOCS/Item/View/712882
2026-02-06 00:07:54,955 | INFO | [STAGE 1] [LEVEL 6] https://apps.cer-rec.gc.ca/REGDOCS/Item/View/601521
2026-02-06 00:08:06,240 | INFO | [STAGE 1] [LEVEL 6] https://apps.cer-rec.gc.ca/REGDOCS/Item/View/414653
2026-02-06 00:08:17,465 | INFO | [STAGE 1] [LEVEL 6] https://apps.cer-rec.gc.ca/REGDOCS/Item/View/628044
2026-02-06 00:08:29,007 | INFO | [STAGE 1] [LEVEL 6] https://apps.cer-rec.gc.ca/REGDOCS/Item/View/609785
2026-02-06 00:08:40,590 | INFO | [STAGE 1] [LEVEL 6] https://apps.cer-rec.gc.ca/REGDOCS/Item/View/948647
2026-02-06 00:08:54,037 | INFO | [STAGE 1] [LEVEL 6] https://apps.cer-rec.gc.ca/REGDOCS/Item/View/128769
2026-02-06 00:09:06,025 | INFO | [STAGE 1] [LEVEL 6] https://apps.cer-rec.gc.ca/REGDOCS/Item/View/4033143
2026-02-06 00:09:17,395 | INFO | [STAGE 1] [LEVEL 6] https://apps.cer-rec.gc.ca/REGDOCS/Item/View/718896
2026-02-06 00:09:28,655 | INFO | [STAGE 1] [LEVEL 6] https://apps.cer-rec.gc.ca/REGDOCS/Item/View/3950613
2026-02-06 00:09:40,722 | INFO | [STAGE 1] [LEVEL 6] https://apps.cer-rec.gc.ca/REGDOCS/Item/View/155863
2026-02-06 00:09:54,369 | INFO | [STAGE 1] [LEVEL 6] https://apps.cer-rec.gc.ca/REGDOCS/Item/View/190030
2026-02-06 00:10:05,825 | INFO | [STAGE 1] [LEVEL 6] https://apps.cer-rec.gc.ca/REGDOCS/Item/View/424554
2026-02-06 00:10:18,096 | INFO | [STAGE 1] [LEVEL 6] https://apps.cer-rec.gc.ca/REGDOCS/Item/View/624963
2026-02-06 00:10:30,024 | INFO | [STAGE 1] [LEVEL 6] https://apps.cer-rec.gc.ca/REGDOCS/Item/View/3119846
2026-02-06 00:10:47,636 | INFO | [STAGE 1] [LEVEL 6] https://apps.cer-rec.gc.ca/REGDOCS/Item/View/2680096
2026-02-06 00:11:00,045 | INFO | [STAGE 1] [LEVEL 6] https://apps.cer-rec.gc.ca/REGDOCS/Item/View/3816059
2026-02-06 00:11:12,533 | INFO | [STAGE 1] [LEVEL 6] https://apps.cer-rec.gc.ca/REGDOCS/Item/View/140190
2026-02-06 00:11:25,007 | INFO | [STAGE 1] [LEVEL 6] https://apps.cer-rec.gc.ca/REGDOCS/Item/View/3930030
2026-02-06 00:11:36,323 | INFO | [STAGE 1] [LEVEL 6] https://apps.cer-rec.gc.ca/REGDOCS/Item/View/389473
2026-02-06 00:11:48,208 | INFO | [STAGE 1] [LEVEL 5] https://apps.cer-rec.gc.ca/REGDOCS/Item/View/90464
2026-02-06 00:12:02,685 | INFO | [STAGE 1] [LEVEL 6] https://apps.cer-rec.gc.ca/REGDOCS/Item/View/3816295
2026-02-06 00:12:14,327 | INFO | [STAGE 1] [LEVEL 6] https://apps.cer-rec.gc.ca/REGDOCS/Item/View/4430938
2026-02-06 00:12:26,066 | INFO | [STAGE 1] [LEVEL 6] https://apps.cer-rec.gc.ca/REGDOCS/Item/View/90550
2026-02-06 00:12:37,892 | INFO | [STAGE 1] [LEVEL 6] https://apps.cer-rec.gc.ca/REGDOCS/Item/View/2487702
2026-02-06 00:12:49,831 | INFO | [STAGE 1] [LEVEL 6] https://apps.cer-rec.gc.ca/REGDOCS/Item/View/90552
2026-02-06 00:13:01,857 | INFO | [STAGE 1] [LEVEL 6] https://apps.cer-rec.gc.ca/REGDOCS/Item/View/4493624
2026-02-06 00:13:13,170 | INFO | [STAGE 1] [LEVEL 6] https://apps.cer-rec.gc.ca/REGDOCS/Item/View/90554
2026-02-06 00:13:25,476 | INFO | [STAGE 1] [LEVEL 5] https://apps.cer-rec.gc.ca/REGDOCS/Item/View/893488
2026-02-06 00:13:37,198 | INFO | [STAGE 1] [LEVEL 6] https://apps.cer-rec.gc.ca/REGDOCS/Item/View/948512
2026-02-06 00:13:49,301 | INFO | [STAGE 1] [LEVEL 6] https://apps.cer-rec.gc.ca/REGDOCS/Item/View/948645
2026-02-06 00:14:03,658 | INFO | [STAGE 1] [LEVEL 6] https://apps.cer-rec.gc.ca/REGDOCS/Item/View/948560
2026-02-06 00:14:20,169 | INFO | [STAGE 1] [LEVEL 6] https://apps.cer-rec.gc.ca/REGDOCS/Item/View/948558
2026-02-06 00:14:23,150 | WARNING | CTRL+C detected — saving data safely...
2026-02-06 00:14:23,150 | INFO | CSV closed safely: output/stage1_live.csv
2026-02-06 00:14:23,173 | INFO | Combined CSV saved on interrupt
2026-02-06 00:14:25,793 | WARNING | CTRL+C detected — saving data safely...
2026-02-06 00:14:25,802 | INFO | Combined CSV saved on interrupt
2026-02-06 00:14:28,240 | WARNING | CTRL+C detected — saving data safely...
2026-02-06 00:14:28,249 | INFO | Combined CSV saved on interrupt
2026-02-06 00:16:20,231 | WARNING | CTRL+C detected — saving data safely...
2026-02-06 00:16:20,236 | INFO | Combined CSV saved on interrupt
2026-02-06 00:16:37,923 | WARNING | CTRL+C detected — saving data safely...
2026-02-06 00:16:37,928 | INFO | Combined CSV saved on interrupt
2026-02-06 00:16:38,310 | WARNING | CTRL+C detected — saving data safely...
2026-02-06 00:16:38,318 | INFO | Combined CSV saved on interrupt
2026-02-06 00:16:38,641 | WARNING | CTRL+C detected — saving data safely...
2026-02-06 00:16:38,648 | INFO | Combined CSV saved on interrupt
2026-02-06 00:16:38,817 | WARNING | CTRL+C detected — saving data safely...
2026-02-06 00:16:38,823 | INFO | Combined CSV saved on interrupt
2026-02-06 00:16:38,992 | WARNING | CTRL+C detected — saving data safely...
2026-02-06 00:16:39,000 | INFO | Combined CSV saved on interrupt
2026-02-06 00:16:39,168 | WARNING | CTRL+C detected — saving data safely...
2026-02-06 00:16:39,173 | INFO | Combined CSV saved on interrupt
2026-02-06 00:16:39,336 | WARNING | CTRL+C detected — saving data safely...
2026-02-06 00:16:39,341 | INFO | Combined CSV saved on interrupt
2026-02-06 00:16:39,496 | WARNING | CTRL+C detected — saving data safely...
2026-02-06 00:16:39,502 | INFO | Combined CSV saved on interrupt
2026-02-06 00:16:39,668 | WARNING | CTRL+C detected — saving data safely...
2026-02-06 00:16:39,674 | INFO | Combined CSV saved on interrupt
2026-02-06 00:16:39,843 | WARNING | CTRL+C detected — saving data safely...
2026-02-06 00:16:39,848 | INFO | Combined CSV saved on interrupt
2026-02-06 00:16:40,023 | WARNING | CTRL+C detected — saving data safely...
2026-02-06 00:16:40,029 | INFO | Combined CSV saved on interrupt
2026-02-06 00:16:40,195 | WARNING | CTRL+C detected — saving data safely...
2026-02-06 00:16:40,200 | INFO | Combined CSV saved on interrupt
2026-02-06 00:16:40,348 | WARNING | CTRL+C detected — saving data safely...
2026-02-06 00:16:40,354 | INFO | Combined CSV saved on interrupt
2026-02-06 00:16:40,506 | WARNING | CTRL+C detected — saving data safely...
2026-02-06 00:16:40,511 | INFO | Combined CSV saved on interrupt
2026-02-06 00:16:40,667 | WARNING | CTRL+C detected — saving data safely...
2026-02-06 00:16:40,673 | INFO | Combined CSV saved on interrupt
2026-02-06 00:16:40,852 | WARNING | CTRL+C detected — saving data safely...
2026-02-06 00:16:40,857 | INFO | Combined CSV saved on interrupt
2026-02-06 00:16:41,024 | WARNING | CTRL+C detected — saving data safely...
2026-02-06 00:16:41,031 | INFO | Combined CSV saved on interrupt
2026-02-06 00:16:41,191 | WARNING | CTRL+C detected — saving data safely...
2026-02-06 00:16:41,196 | INFO | Combined CSV saved on interrupt
2026-02-06 00:19:12,700 | INFO | ===== STAGE 1 START (Facilities > Electricity) =====
2026-02-06 00:19:12,700 | INFO | [STAGE 1] [LEVEL 1] https://apps.cer-rec.gc.ca/REGDOCS/Item/View/90548
2026-02-06 00:19:33,400 | INFO | [STAGE 1] [LEVEL 2] https://apps.cer-rec.gc.ca/REGDOCS/Item/View/90548
2026-02-06 00:19:47,210 | INFO | [STAGE 1] [LEVEL 3] https://apps.cer-rec.gc.ca/REGDOCS/Item/View/90548
2026-02-06 00:20:00,873 | INFO | [STAGE 1] [LEVEL 4] https://apps.cer-rec.gc.ca/REGDOCS/Item/View/90548
2026-02-06 00:20:17,174 | INFO | [STAGE 1] [LEVEL 5] https://apps.cer-rec.gc.ca/REGDOCS/Item/View/90548
2026-02-06 00:20:31,251 | INFO | [STAGE 1] [LEVEL 6] https://apps.cer-rec.gc.ca/REGDOCS/Item/View/90548
2026-02-06 00:20:54,707 | INFO | [STAGE 1] [LEVEL 6] https://apps.cer-rec.gc.ca/REGDOCS/Item/View/90464
2026-02-06 00:21:09,529 | INFO | [STAGE 1] [LEVEL 6] https://apps.cer-rec.gc.ca/REGDOCS/Item/View/893488
2026-02-06 00:21:23,537 | INFO | [STAGE 1] [LEVEL 6] https://apps.cer-rec.gc.ca/REGDOCS/Item/View/350353
2026-02-06 00:21:37,483 | INFO | [STAGE 1] [LEVEL 6] https://apps.cer-rec.gc.ca/REGDOCS/Item/View/3816184
2026-02-06 00:21:53,795 | INFO | [STAGE 1] [LEVEL 6] https://apps.cer-rec.gc.ca/REGDOCS/Item/View/712882
2026-02-06 00:22:08,230 | INFO | [STAGE 1] [LEVEL 6] https://apps.cer-rec.gc.ca/REGDOCS/Item/View/601521
2026-02-06 00:22:22,355 | INFO | [STAGE 1] [LEVEL 6] https://apps.cer-rec.gc.ca/REGDOCS/Item/View/414653
2026-02-06 00:22:35,739 | INFO | [STAGE 1] [LEVEL 6] https://apps.cer-rec.gc.ca/REGDOCS/Item/View/628044
2026-02-06 00:22:49,187 | INFO | [STAGE 1] [LEVEL 6] https://apps.cer-rec.gc.ca/REGDOCS/Item/View/609785
2026-02-06 00:23:02,356 | INFO | [STAGE 1] [LEVEL 6] https://apps.cer-rec.gc.ca/REGDOCS/Item/View/948647
2026-02-06 00:23:15,711 | INFO | [STAGE 1] [LEVEL 6] https://apps.cer-rec.gc.ca/REGDOCS/Item/View/128769
2026-02-06 00:23:29,021 | INFO | [STAGE 1] [LEVEL 6] https://apps.cer-rec.gc.ca/REGDOCS/Item/View/4033143
2026-02-06 00:23:47,201 | INFO | [STAGE 1] [LEVEL 6] https://apps.cer-rec.gc.ca/REGDOCS/Item/View/718896
2026-02-06 00:24:04,069 | INFO | [STAGE 1] [LEVEL 6] https://apps.cer-rec.gc.ca/REGDOCS/Item/View/3950613
2026-02-06 00:24:18,487 | INFO | [STAGE 1] [LEVEL 6] https://apps.cer-rec.gc.ca/REGDOCS/Item/View/155863
2026-02-06 00:24:32,219 | INFO | [STAGE 1] [LEVEL 6] https://apps.cer-rec.gc.ca/REGDOCS/Item/View/190030
2026-02-06 00:24:45,627 | INFO | [STAGE 1] [LEVEL 6] https://apps.cer-rec.gc.ca/REGDOCS/Item/View/424554
2026-02-06 00:25:01,653 | INFO | [STAGE 1] [LEVEL 6] https://apps.cer-rec.gc.ca/REGDOCS/Item/View/624963
2026-02-06 00:25:05,199 | WARNING | CTRL+C detected — saving data safely...
2026-02-06 00:25:05,200 | INFO | CSV closed safely: output/stage1_live.csv
2026-02-06 00:25:05,208 | INFO | Combined CSV saved on interrupt
